#
# A fatal error has been detected by the Java Runtime Environment:
#
#  EXCEPTION_ACCESS_VIOLATION (0xc0000005) at pc=0x000000000000006f, pid=14732, tid=14832
#
# JRE version: OpenJDK Runtime Environment OpenLogic-OpenJDK (17.0.10+7) (build 17.0.10+7-adhoc..jdk17u)
# Java VM: OpenJDK 64-Bit Server VM OpenLogic-OpenJDK (17.0.10+7-adhoc..jdk17u, mixed mode, sharing, tiered, compressed oops, compressed class ptrs, g1 gc, windows-amd64)
# Problematic frame:
# V  [jvm.dll+0x309e0c]
#
# No core dump will be written. Minidumps are not enabled by default on client versions of Windows
#
# If you would like to submit a bug report, please visit:
#   https://techsupport.roguewave.com/
#

---------------  S U M M A R Y ------------

Command Line: -XX:MaxMetaspaceSize=512m --add-opens=java.base/java.util=ALL-UNNAMED --add-opens=java.base/java.lang=ALL-UNNAMED --add-opens=java.base/java.lang.invoke=ALL-UNNAMED --add-opens=java.prefs/java.util.prefs=ALL-UNNAMED --add-opens=java.base/java.nio.charset=ALL-UNNAMED --add-opens=java.base/java.net=ALL-UNNAMED --add-opens=java.base/java.util.concurrent.atomic=ALL-UNNAMED -Xmx2048m -Dfile.encoding=windows-1252 -Duser.country=IN -Duser.language=en -Duser.variant -javaagent:C:\Users\DELL\.gradle\wrapper\dists\gradle-8.3-all\6en3ugtfdg5xnpx44z4qbwgas\gradle-8.3\lib\agents\gradle-instrumentation-agent-8.3.jar org.gradle.launcher.daemon.bootstrap.GradleDaemon 8.3

Host: Intel(R) Core(TM) i5-6440HQ CPU @ 2.60GHz, 4 cores, 7G,  Windows 10 , 64 bit Build 19041 (10.0.19041.4597)
Time: Sat Jul 13 11:47:40 2024 India Standard Time elapsed time: 3.270256 seconds (0d 0h 0m 3s)

---------------  T H R E A D  ---------------

Current thread (0x000001a76b510460):  GCTaskThread "GC Thread#0" [stack: 0x00000068eb200000,0x00000068eb300000] [id=14832]

Stack: [0x00000068eb200000,0x00000068eb300000],  sp=0x00000068eb2ff790,  free space=1021k
Native frames: (J=compiled Java code, j=interpreted, Vv=VM code, C=native code)
C  0x000000000000006f


siginfo: EXCEPTION_ACCESS_VIOLATION (0xc0000005), data execution prevention violation at address 0x000000000000006f


Registers:
RAX=0x00000000000001a7, RBX=0x0000000000000001, RCX=0x000001a72f46e740, RDX=0x000000008718b718
RSP=0x00000068eb2ff788, RBP=0x000001a72f46e5c0, RSI=0x000000008718b718, RDI=0x0000000000000000
R8 =0x000001a70f1377a8, R9 =0x00007fff6a387fb8, R10=0x0000000000000002, R11=0x00000068eb2ff580
R12=0x0000000001e26ff9, R13=0x0000000000000000, R14=0x0000000000000000, R15=0x000000008718b718
RIP=0x000000000000006f, EFLAGS=0x0000000000010202


Register to memory mapping:

RIP=0x000000000000006f is an unknown value
RAX=0x00000000000001a7 is an unknown value
RBX=0x0000000000000001 is an unknown value
RCX=0x000001a72f46e740 points into unknown readable memory: 0x00007fff6a1c9860 | 60 98 1c 6a ff 7f 00 00
RDX=0x000000008718b718 points into unknown readable memory: 0x000000008718b71b | 1b b7 18 87 00 00 00 00
RSP=0x00000068eb2ff788 points into unknown readable memory: 0x00007fff69b79e0c | 0c 9e b7 69 ff 7f 00 00
RBP=0x000001a72f46e5c0 points into unknown readable memory: 0x00007fff6a1c98a8 | a8 98 1c 6a ff 7f 00 00
RSI=0x000000008718b718 points into unknown readable memory: 0x000000008718b71b | 1b b7 18 87 00 00 00 00
RDI=0x0 is NULL
R8 =0x000001a70f1377a8 is pointing into metadata
R9 =0x00007fff6a387fb8 jvm.dll
R10=0x0000000000000002 is an unknown value
R11=0x00000068eb2ff580 points into unknown readable memory: 0x0000000000000000 | 00 00 00 00 00 00 00 00
R12=0x0000000001e26ff9 is an unknown value
R13=0x0 is NULL
R14=0x0 is NULL
R15=0x000000008718b718 points into unknown readable memory: 0x000000008718b71b | 1b b7 18 87 00 00 00 00


Top of Stack: (sp=0x00000068eb2ff788)
0x00000068eb2ff788:   00007fff69b79e0c 0000000000000001
0x00000068eb2ff798:   000001a72f46e5c0 000000008718b718
0x00000068eb2ff7a8:   000001a72f460100 000000008718b718
0x00000068eb2ff7b8:   0000000082bea7d0 000001a72f46e5c0
0x00000068eb2ff7c8:   000001a70f1377a8 0000000000000000
0x00000068eb2ff7d8:   00007fff69b796a7 0000000000000000
0x00000068eb2ff7e8:   0000000000000000 0000000000000000
0x00000068eb2ff7f8:   000001a72f46e740 0000000000000000
0x00000068eb2ff808:   00007fff00000000 0000000000000001
0x00000068eb2ff818:   000001a77b2a1c90 000001a72f46e5c0
0x00000068eb2ff828:   00007fff69b79937 000001a72f46e740
0x00000068eb2ff838:   0000000000000000 0000000000000000
0x00000068eb2ff848:   00000068eb2ff9e0 0000000000000003
0x00000068eb2ff858:   000001a72f46e5c0 0000000082bc7728
0x00000068eb2ff868:   00000000000000ab 0000000082bc7729
0x00000068eb2ff878:   00007fff69b7a612 0000000087180000
0x00000068eb2ff888:   0000000000000001 0000000000000000
0x00000068eb2ff898:   0000000000000001 0000000000000003
0x00000068eb2ff8a8:   000001a72f46e5c0 00000068eb7fe900
0x00000068eb2ff8b8:   0000000082bab878 000001a76b4c58e0
0x00000068eb2ff8c8:   00007fff69b7a1c8 000000d80000009f
0x00000068eb2ff8d8:   000001a72f46e5c0 0000000000000008
0x00000068eb2ff8e8:   0000000000000001 00000068eb2ff960
0x00000068eb2ff8f8:   00007fff69b4d844 0000000082bab879
0x00000068eb2ff908:   00007fff6a1c7238 00000068eb7fe900
0x00000068eb2ff918:   0000000000000000 0000000000000004
0x00000068eb2ff928:   00007fff69b6eea7 0000000000000000
0x00000068eb2ff938:   0000000000000000 0000006800000000
0x00000068eb2ff948:   00007fff6a062b1e 0000000000000000
0x00000068eb2ff958:   0000000000000000 000001a76b4c6530
0x00000068eb2ff968:   000001a72e381a40 00000000000003d8
0x00000068eb2ff978:   000001a76b4c6918 00000068eb7fe9b0 

Instructions: (pc=0x00007fff69b79e0c)
0x00007fff69b79d0c:   ff 00 00 00 4c 8b 45 08 4c 89 74 24 60 41 8b 88
0x00007fff69b79d1c:   c0 01 00 00 49 8b 80 b0 01 00 00 48 d3 ea 4c 8b
0x00007fff69b79d2c:   34 d0 41 8b 8e 90 00 00 00 49 03 88 f0 04 00 00
0x00007fff69b79d3c:   0f b6 01 84 c0 75 61 ba 01 00 00 00 33 c0 f0 0f
0x00007fff69b79d4c:   b0 11 75 54 f0 41 0f c1 90 e8 04 00 00 48 83 3d
0x00007fff69b79d5c:   bf 83 87 00 00 74 41 48 89 7c 24 50 49 8d 8e 94
0x00007fff69b79d6c:   00 00 00 49 8b 7e 10 e8 48 84 05 00 49 8b 4e 08
0x00007fff69b79d7c:   48 8d 15 0d fb 64 00 4d 8b 0e 4c 8b c0 48 89 4c
0x00007fff69b79d8c:   24 28 48 8d 0d 83 83 64 00 48 89 7c 24 20 e8 11
0x00007fff69b79d9c:   46 fc ff 48 8b 7c 24 50 8b 95 a8 01 00 00 4c 8b
0x00007fff69b79dac:   cb 48 8b 4d 08 4c 8b c6 e8 07 70 fd ff 41 8b 86
0x00007fff69b79dbc:   94 00 00 00 4c 8b 74 24 60 d1 e8 83 e0 01 89 85
0x00007fff69b79dcc:   a0 01 00 00 80 3d 32 96 87 00 00 74 16 44 8b 46
0x00007fff69b79ddc:   08 8b 0d 15 d5 80 00 49 d3 e0 4c 03 05 03 d5 80
0x00007fff69b79dec:   00 eb 04 4c 8b 46 08 49 63 40 0c 4c 8d 0d ba e1
0x00007fff69b79dfc:   80 00 48 8d 8d 80 01 00 00 48 8b d6 41 ff 14 c1
0x00007fff69b79e0c:   48 8b c6 48 83 c4 30 5e 5d 5b c3 cc cc cc cc cc
0x00007fff69b79e1c:   cc cc cc cc 48 89 5c 24 10 48 89 6c 24 18 56 48
0x00007fff69b79e2c:   83 ec 30 33 db 48 8b ea 48 8b f1 39 59 30 76 5d
0x00007fff69b79e3c:   48 89 7c 24 40 48 8b 46 10 48 8b 14 d8 48 85 d2
0x00007fff69b79e4c:   74 3f 8b 85 a0 00 00 00 48 8d 0c 80 48 8b 82 20
0x00007fff69b79e5c:   02 00 00 48 8b 3c c8 48 8b 0e 48 8b 89 10 04 00
0x00007fff69b79e6c:   00 e8 8e 1f 00 00 48 8b c8 c7 44 24 20 04 00 00
0x00007fff69b79e7c:   00 4c 8b cf 44 8b c3 ba 10 00 00 00 e8 73 4f ff
0x00007fff69b79e8c:   ff ff c3 3b 5e 30 72 ad 48 8b 7c 24 40 48 8b 5c
0x00007fff69b79e9c:   24 48 48 8b 6c 24 50 48 83 c4 30 5e c3 cc cc cc
0x00007fff69b79eac:   cc cc cc cc 48 89 5c 24 08 48 89 74 24 10 57 48
0x00007fff69b79ebc:   83 ec 40 48 8b 41 10 48 8b d9 8b f2 48 8d 3c f5
0x00007fff69b79ecc:   00 00 00 00 48 83 3c 07 00 75 4d 45 33 c0 b9 38
0x00007fff69b79edc:   02 00 00 41 8d 50 05 e8 38 cd d9 ff 48 8b c8 48
0x00007fff69b79eec:   85 c0 74 28 48 8b 43 28 44 8b ce 4c 8b 43 08 48
0x00007fff69b79efc:   8b 13 48 89 44 24 30 48 8b 43 20 48 89 44 24 28 


Stack slot to memory mapping:
stack at sp + 0 slots: 0x0000000000000001 is an unknown value
stack at sp + 1 slots: 0x000001a72f46e5c0 points into unknown readable memory: 0x00007fff6a1c98a8 | a8 98 1c 6a ff 7f 00 00
stack at sp + 2 slots: 0x000000008718b718 points into unknown readable memory: 0x000000008718b71b | 1b b7 18 87 00 00 00 00
stack at sp + 3 slots: 0x000001a72f460100 points into unknown readable memory: 0x0000000000000000 | 00 00 00 00 00 00 00 00
stack at sp + 4 slots: 0x000000008718b718 points into unknown readable memory: 0x000000008718b71b | 1b b7 18 87 00 00 00 00
stack at sp + 5 slots: 0x0000000082bea7d0 points into unknown readable memory: 0x0000000000000000 | 00 00 00 00 00 00 00 00
stack at sp + 6 slots: 0x000001a72f46e5c0 points into unknown readable memory: 0x00007fff6a1c98a8 | a8 98 1c 6a ff 7f 00 00
stack at sp + 7 slots: 0x000001a70f1377a8 is pointing into metadata


---------------  P R O C E S S  ---------------

Threads class SMR info:
_java_thread_list=0x000001a7316d4930, length=26, elements={
0x000001a76b4b5650, 0x000001a77b3f7740, 0x000001a77b3f84d0, 0x000001a77b40e0d0,
0x000001a77b411ac0, 0x000001a77b412390, 0x000001a77b412c60, 0x000001a77b413910,
0x000001a77b41c2e0, 0x000001a77b42b9a0, 0x000001a72e1b3450, 0x000001a72e2e3560,
0x000001a72e37d730, 0x000001a72ff32350, 0x000001a7306e3290, 0x000001a7306e37a0,
0x000001a7306e3cb0, 0x000001a7306e41c0, 0x000001a7306e2360, 0x000001a7306e2870,
0x000001a7306e46d0, 0x000001a7306e4be0, 0x000001a7306e1430, 0x000001a7306e2d80,
0x000001a7306e1e50, 0x000001a731684490
}

Java Threads: ( => current thread )
  0x000001a76b4b5650 JavaThread "main" [_thread_blocked, id=840, stack(0x00000068eb100000,0x00000068eb200000)]
  0x000001a77b3f7740 JavaThread "Reference Handler" daemon [_thread_blocked, id=1976, stack(0x00000068eb800000,0x00000068eb900000)]
  0x000001a77b3f84d0 JavaThread "Finalizer" daemon [_thread_blocked, id=13136, stack(0x00000068eb900000,0x00000068eba00000)]
  0x000001a77b40e0d0 JavaThread "Signal Dispatcher" daemon [_thread_blocked, id=9836, stack(0x00000068eba00000,0x00000068ebb00000)]
  0x000001a77b411ac0 JavaThread "Attach Listener" daemon [_thread_blocked, id=6204, stack(0x00000068ebb00000,0x00000068ebc00000)]
  0x000001a77b412390 JavaThread "Service Thread" daemon [_thread_blocked, id=10604, stack(0x00000068ebc00000,0x00000068ebd00000)]
  0x000001a77b412c60 JavaThread "Monitor Deflation Thread" daemon [_thread_blocked, id=12412, stack(0x00000068ebd00000,0x00000068ebe00000)]
  0x000001a77b413910 JavaThread "C2 CompilerThread0" daemon [_thread_blocked, id=9868, stack(0x00000068ebe00000,0x00000068ebf00000)]
  0x000001a77b41c2e0 JavaThread "C1 CompilerThread0" daemon [_thread_blocked, id=14880, stack(0x00000068ebf00000,0x00000068ec000000)]
  0x000001a77b42b9a0 JavaThread "Sweeper thread" daemon [_thread_blocked, id=2592, stack(0x00000068ec000000,0x00000068ec100000)]
  0x000001a72e1b3450 JavaThread "Common-Cleaner" daemon [_thread_blocked, id=12756, stack(0x00000068ec100000,0x00000068ec200000)]
  0x000001a72e2e3560 JavaThread "Notification Thread" daemon [_thread_blocked, id=13028, stack(0x00000068ec200000,0x00000068ec300000)]
  0x000001a72e37d730 JavaThread "C2 CompilerThread1" daemon [_thread_blocked, id=13780, stack(0x00000068ec400000,0x00000068ec500000)]
  0x000001a72ff32350 JavaThread "Daemon health stats" [_thread_blocked, id=7300, stack(0x00000068ec800000,0x00000068ec900000)]
  0x000001a7306e3290 JavaThread "Incoming local TCP Connector on port 63466" [_thread_in_native, id=14908, stack(0x00000068ec900000,0x00000068eca00000)]
  0x000001a7306e37a0 JavaThread "Daemon periodic checks" [_thread_blocked, id=10092, stack(0x00000068eca00000,0x00000068ecb00000)]
  0x000001a7306e3cb0 JavaThread "Daemon" [_thread_blocked, id=5584, stack(0x00000068ecb00000,0x00000068ecc00000)]
  0x000001a7306e41c0 JavaThread "Handler for socket connection from /127.0.0.1:63466 to /127.0.0.1:63467" [_thread_in_native, id=5716, stack(0x00000068ecc00000,0x00000068ecd00000)]
  0x000001a7306e2360 JavaThread "Cancel handler" [_thread_blocked, id=15012, stack(0x00000068ecd00000,0x00000068ece00000)]
  0x000001a7306e2870 JavaThread "Daemon worker" [_thread_blocked, id=14080, stack(0x00000068ece00000,0x00000068ecf00000)]
  0x000001a7306e46d0 JavaThread "Asynchronous log dispatcher for DefaultDaemonConnection: socket connection from /127.0.0.1:63466 to /127.0.0.1:63467" [_thread_blocked, id=1436, stack(0x00000068ecf00000,0x00000068ed000000)]
  0x000001a7306e4be0 JavaThread "Stdin handler" [_thread_blocked, id=3240, stack(0x00000068ed000000,0x00000068ed100000)]
  0x000001a7306e1430 JavaThread "Daemon client event forwarder" [_thread_blocked, id=12900, stack(0x00000068ed100000,0x00000068ed200000)]
  0x000001a7306e2d80 JavaThread "Cache worker for journal cache (C:\Users\DELL\.gradle\caches\journal-1)" [_thread_blocked, id=13540, stack(0x00000068ed200000,0x00000068ed300000)]
  0x000001a7306e1e50 JavaThread "File lock request listener" [_thread_in_native, id=128, stack(0x00000068ed300000,0x00000068ed400000)]
  0x000001a731684490 JavaThread "Cache worker for file hash cache (C:\Users\DELL\.gradle\caches\8.3\fileHashes)" [_thread_blocked, id=672, stack(0x00000068ed400000,0x00000068ed500000)]

Other Threads:
  0x000001a77b3f3c20 VMThread "VM Thread" [stack: 0x00000068eb700000,0x00000068eb800000] [id=10532]
  0x000001a72e2e3a40 WatcherThread [stack: 0x00000068ec300000,0x00000068ec400000] [id=8024]
=>0x000001a76b510460 GCTaskThread "GC Thread#0" [stack: 0x00000068eb200000,0x00000068eb300000] [id=14832]
  0x000001a72e4e08e0 GCTaskThread "GC Thread#1" [stack: 0x00000068ec500000,0x00000068ec600000] [id=2820]
  0x000001a72e41ff10 GCTaskThread "GC Thread#2" [stack: 0x00000068ec600000,0x00000068ec700000] [id=6040]
  0x000001a72e4c6520 GCTaskThread "GC Thread#3" [stack: 0x00000068ec700000,0x00000068ec800000] [id=14980]
  0x000001a76b521a60 ConcurrentGCThread "G1 Main Marker" [stack: 0x00000068eb300000,0x00000068eb400000] [id=9960]
  0x000001a76b522390 ConcurrentGCThread "G1 Conc#0" [stack: 0x00000068eb400000,0x00000068eb500000] [id=1420]
  0x000001a77b2b20c0 ConcurrentGCThread "G1 Refine#0" [stack: 0x00000068eb500000,0x00000068eb600000] [id=14672]
  0x000001a77b2b2a00 ConcurrentGCThread "G1 Service" [stack: 0x00000068eb600000,0x00000068eb700000] [id=11128]

Threads with active compile tasks:
C2 CompilerThread0     3438 2176   !   4       java.lang.ClassLoader::loadClass (121 bytes)

VM state: at safepoint (normal execution)

VM Mutex/Monitor currently owned by a thread:  ([mutex/lock_event])
[0x000001a76b4b2850] Threads_lock - owner thread: 0x000001a77b3f3c20
[0x000001a76b4b2220] Heap_lock - owner thread: 0x000001a7306e2870

Heap address: 0x0000000080000000, size: 2048 MB, Compressed Oops mode: 32-bit

CDS archive(s) mapped at: [0x000001a70f000000-0x000001a70fbc0000-0x000001a70fbc0000), size 12320768, SharedBaseAddress: 0x000001a70f000000, ArchiveRelocationMode: 1.
Compressed class space mapped at: 0x000001a710000000-0x000001a72a000000, reserved size: 436207616
Narrow klass base: 0x000001a70f000000, Narrow klass shift: 0, Narrow klass range: 0x100000000

GC Precious Log:
 CPUs: 4 total, 4 available
 Memory: 8073M
 Large Page Support: Disabled
 NUMA Support: Disabled
 Compressed Oops: Enabled (32-bit)
 Heap Region Size: 1M
 Heap Min Capacity: 8M
 Heap Initial Capacity: 128M
 Heap Max Capacity: 2G
 Pre-touch: Disabled
 Parallel Workers: 4
 Concurrent Workers: 1
 Concurrent Refinement Workers: 4
 Periodic GC: Disabled

Heap:
 garbage-first heap   total 131072K, used 87741K [0x0000000080000000, 0x0000000100000000)
  region size 1024K, 84 young (86016K), 10 survivors (10240K)
 Metaspace       used 16165K, committed 16512K, reserved 491520K
  class space    used 2328K, committed 2496K, reserved 425984K

Heap Regions: E=young(eden), S=young(survivor), O=old, HS=humongous(starts), HC=humongous(continues), CS=collection set, F=free, OA=open archive, CA=closed archive, TAMS=top-at-mark-start (previous, next)
|   0|0x0000000080000000, 0x0000000080100000, 0x0000000080100000|100%| O|  |TAMS 0x0000000080000000, 0x0000000080000000| Untracked 
|   1|0x0000000080100000, 0x0000000080200000, 0x0000000080200000|100%| O|  |TAMS 0x0000000080100000, 0x0000000080100000| Untracked 
|   2|0x0000000080200000, 0x0000000080300000, 0x0000000080300000|100%|HS|  |TAMS 0x0000000080200000, 0x0000000080200000| Complete 
|   3|0x0000000080300000, 0x0000000080400000, 0x0000000080400000|100%|HC|  |TAMS 0x0000000080300000, 0x0000000080300000| Complete 
|   4|0x0000000080400000, 0x0000000080500000, 0x0000000080500000|100%|HC|  |TAMS 0x0000000080400000, 0x0000000080400000| Complete 
|   5|0x0000000080500000, 0x0000000080600000, 0x0000000080600000|100%|HC|  |TAMS 0x0000000080500000, 0x0000000080500000| Complete 
|   6|0x0000000080600000, 0x0000000080700000, 0x0000000080700000|100%| O|  |TAMS 0x0000000080600000, 0x0000000080600000| Untracked 
|   7|0x0000000080700000, 0x0000000080800000, 0x0000000080800000|100%| O|  |TAMS 0x0000000080700000, 0x0000000080700000| Untracked 
|   8|0x0000000080800000, 0x0000000080800000, 0x0000000080900000|  0%| O|  |TAMS 0x0000000080800000, 0x0000000080800000| Untracked 
|   9|0x0000000080900000, 0x0000000080a00000, 0x0000000080a00000|100%| O|  |TAMS 0x0000000080900000, 0x0000000080900000| Untracked 
|  10|0x0000000080a00000, 0x0000000080b00000, 0x0000000080b00000|100%| O|  |TAMS 0x0000000080a00000, 0x0000000080a00000| Untracked 
|  11|0x0000000080b00000, 0x0000000080c00000, 0x0000000080c00000|100%| O|  |TAMS 0x0000000080b00000, 0x0000000080b00000| Untracked 
|  12|0x0000000080c00000, 0x0000000080c00000, 0x0000000080d00000|  0%| F|  |TAMS 0x0000000080c00000, 0x0000000080c00000| Untracked 
|  13|0x0000000080d00000, 0x0000000080d00000, 0x0000000080e00000|  0%| F|  |TAMS 0x0000000080d00000, 0x0000000080d00000| Untracked 
|  14|0x0000000080e00000, 0x0000000080e00000, 0x0000000080f00000|  0%| F|  |TAMS 0x0000000080e00000, 0x0000000080e00000| Untracked 
|  15|0x0000000080f00000, 0x0000000080f00000, 0x0000000081000000|  0%| F|  |TAMS 0x0000000080f00000, 0x0000000080f00000| Untracked 
|  16|0x0000000081000000, 0x0000000081000000, 0x0000000081100000|  0%| F|  |TAMS 0x0000000081000000, 0x0000000081000000| Untracked 
|  17|0x0000000081100000, 0x0000000081100000, 0x0000000081200000|  0%| F|  |TAMS 0x0000000081100000, 0x0000000081100000| Untracked 
|  18|0x0000000081200000, 0x0000000081200000, 0x0000000081300000|  0%| F|  |TAMS 0x0000000081200000, 0x0000000081200000| Untracked 
|  19|0x0000000081300000, 0x0000000081300000, 0x0000000081400000|  0%| F|  |TAMS 0x0000000081300000, 0x0000000081300000| Untracked 
|  20|0x0000000081400000, 0x0000000081400000, 0x0000000081500000|  0%| F|  |TAMS 0x0000000081400000, 0x0000000081400000| Untracked 
|  21|0x0000000081500000, 0x0000000081500000, 0x0000000081600000|  0%| F|  |TAMS 0x0000000081500000, 0x0000000081500000| Untracked 
|  22|0x0000000081600000, 0x0000000081600000, 0x0000000081700000|  0%| F|  |TAMS 0x0000000081600000, 0x0000000081600000| Untracked 
|  23|0x0000000081700000, 0x0000000081700000, 0x0000000081800000|  0%| F|  |TAMS 0x0000000081700000, 0x0000000081700000| Untracked 
|  24|0x0000000081800000, 0x0000000081800000, 0x0000000081900000|  0%| F|  |TAMS 0x0000000081800000, 0x0000000081800000| Untracked 
|  25|0x0000000081900000, 0x0000000081900000, 0x0000000081a00000|  0%| F|  |TAMS 0x0000000081900000, 0x0000000081900000| Untracked 
|  26|0x0000000081a00000, 0x0000000081a00000, 0x0000000081b00000|  0%| F|  |TAMS 0x0000000081a00000, 0x0000000081a00000| Untracked 
|  27|0x0000000081b00000, 0x0000000081b00000, 0x0000000081c00000|  0%| F|  |TAMS 0x0000000081b00000, 0x0000000081b00000| Untracked 
|  28|0x0000000081c00000, 0x0000000081c00000, 0x0000000081d00000|  0%| F|  |TAMS 0x0000000081c00000, 0x0000000081c00000| Untracked 
|  29|0x0000000081d00000, 0x0000000081d00000, 0x0000000081e00000|  0%| F|  |TAMS 0x0000000081d00000, 0x0000000081d00000| Untracked 
|  30|0x0000000081e00000, 0x0000000081e00000, 0x0000000081f00000|  0%| F|  |TAMS 0x0000000081e00000, 0x0000000081e00000| Untracked 
|  31|0x0000000081f00000, 0x0000000081f00000, 0x0000000082000000|  0%| F|  |TAMS 0x0000000081f00000, 0x0000000081f00000| Untracked 
|  32|0x0000000082000000, 0x0000000082000000, 0x0000000082100000|  0%| F|  |TAMS 0x0000000082000000, 0x0000000082000000| Untracked 
|  33|0x0000000082100000, 0x0000000082100000, 0x0000000082200000|  0%| F|  |TAMS 0x0000000082100000, 0x0000000082100000| Untracked 
|  34|0x0000000082200000, 0x0000000082200000, 0x0000000082300000|  0%| F|  |TAMS 0x0000000082200000, 0x0000000082200000| Untracked 
|  35|0x0000000082300000, 0x0000000082300000, 0x0000000082400000|  0%| F|  |TAMS 0x0000000082300000, 0x0000000082300000| Untracked 
|  36|0x0000000082400000, 0x0000000082400000, 0x0000000082500000|  0%| F|  |TAMS 0x0000000082400000, 0x0000000082400000| Untracked 
|  37|0x0000000082500000, 0x0000000082500000, 0x0000000082600000|  0%| F|  |TAMS 0x0000000082500000, 0x0000000082500000| Untracked 
|  38|0x0000000082600000, 0x0000000082600000, 0x0000000082700000|  0%| F|  |TAMS 0x0000000082600000, 0x0000000082600000| Untracked 
|  39|0x0000000082700000, 0x0000000082700000, 0x0000000082800000|  0%| F|  |TAMS 0x0000000082700000, 0x0000000082700000| Untracked 
|  40|0x0000000082800000, 0x0000000082800000, 0x0000000082900000|  0%| F|  |TAMS 0x0000000082800000, 0x0000000082800000| Untracked 
|  41|0x0000000082900000, 0x0000000082900000, 0x0000000082a00000|  0%| F|  |TAMS 0x0000000082900000, 0x0000000082900000| Untracked 
|  42|0x0000000082a00000, 0x0000000082a5c780, 0x0000000082b00000| 36%| S|  |TAMS 0x0000000082a00000, 0x0000000082a00000| Complete 
|  43|0x0000000082b00000, 0x0000000082c00000, 0x0000000082c00000|100%| S|  |TAMS 0x0000000082b00000, 0x0000000082b00000| Complete 
|  44|0x0000000082c00000, 0x0000000082d00000, 0x0000000082d00000|100%| S|  |TAMS 0x0000000082c00000, 0x0000000082c00000| Complete 
|  45|0x0000000082d00000, 0x0000000082e00000, 0x0000000082e00000|100%| S|  |TAMS 0x0000000082d00000, 0x0000000082d00000| Complete 
|  46|0x0000000082e00000, 0x0000000082f00000, 0x0000000082f00000|100%| S|  |TAMS 0x0000000082e00000, 0x0000000082e00000| Complete 
|  47|0x0000000082f00000, 0x0000000083000000, 0x0000000083000000|100%| S|  |TAMS 0x0000000082f00000, 0x0000000082f00000| Complete 
|  48|0x0000000083000000, 0x0000000083100000, 0x0000000083100000|100%| S|  |TAMS 0x0000000083000000, 0x0000000083000000| Complete 
|  49|0x0000000083100000, 0x0000000083200000, 0x0000000083200000|100%| S|  |TAMS 0x0000000083100000, 0x0000000083100000| Complete 
|  50|0x0000000083200000, 0x0000000083300000, 0x0000000083300000|100%| S|  |TAMS 0x0000000083200000, 0x0000000083200000| Complete 
|  51|0x0000000083300000, 0x0000000083400000, 0x0000000083400000|100%| S|  |TAMS 0x0000000083300000, 0x0000000083300000| Complete 
|  52|0x0000000083400000, 0x0000000083500000, 0x0000000083500000|100%| E|CS|TAMS 0x0000000083400000, 0x0000000083400000| Complete 
|  53|0x0000000083500000, 0x0000000083600000, 0x0000000083600000|100%| E|CS|TAMS 0x0000000083500000, 0x0000000083500000| Complete 
|  54|0x0000000083600000, 0x0000000083700000, 0x0000000083700000|100%| E|CS|TAMS 0x0000000083600000, 0x0000000083600000| Complete 
|  55|0x0000000083700000, 0x0000000083800000, 0x0000000083800000|100%| E|CS|TAMS 0x0000000083700000, 0x0000000083700000| Complete 
|  56|0x0000000083800000, 0x0000000083900000, 0x0000000083900000|100%| E|CS|TAMS 0x0000000083800000, 0x0000000083800000| Complete 
|  57|0x0000000083900000, 0x0000000083a00000, 0x0000000083a00000|100%| E|CS|TAMS 0x0000000083900000, 0x0000000083900000| Complete 
|  58|0x0000000083a00000, 0x0000000083b00000, 0x0000000083b00000|100%| E|CS|TAMS 0x0000000083a00000, 0x0000000083a00000| Complete 
|  59|0x0000000083b00000, 0x0000000083c00000, 0x0000000083c00000|100%| E|CS|TAMS 0x0000000083b00000, 0x0000000083b00000| Complete 
|  60|0x0000000083c00000, 0x0000000083d00000, 0x0000000083d00000|100%| E|CS|TAMS 0x0000000083c00000, 0x0000000083c00000| Complete 
|  61|0x0000000083d00000, 0x0000000083e00000, 0x0000000083e00000|100%| E|CS|TAMS 0x0000000083d00000, 0x0000000083d00000| Complete 
|  62|0x0000000083e00000, 0x0000000083f00000, 0x0000000083f00000|100%| E|CS|TAMS 0x0000000083e00000, 0x0000000083e00000| Complete 
|  63|0x0000000083f00000, 0x0000000084000000, 0x0000000084000000|100%| E|CS|TAMS 0x0000000083f00000, 0x0000000083f00000| Complete 
|  64|0x0000000084000000, 0x0000000084100000, 0x0000000084100000|100%| E|CS|TAMS 0x0000000084000000, 0x0000000084000000| Complete 
|  65|0x0000000084100000, 0x0000000084200000, 0x0000000084200000|100%| E|CS|TAMS 0x0000000084100000, 0x0000000084100000| Complete 
|  66|0x0000000084200000, 0x0000000084300000, 0x0000000084300000|100%| E|CS|TAMS 0x0000000084200000, 0x0000000084200000| Complete 
|  67|0x0000000084300000, 0x0000000084400000, 0x0000000084400000|100%| E|CS|TAMS 0x0000000084300000, 0x0000000084300000| Complete 
|  68|0x0000000084400000, 0x0000000084500000, 0x0000000084500000|100%| E|CS|TAMS 0x0000000084400000, 0x0000000084400000| Complete 
|  69|0x0000000084500000, 0x0000000084600000, 0x0000000084600000|100%| E|CS|TAMS 0x0000000084500000, 0x0000000084500000| Complete 
|  70|0x0000000084600000, 0x0000000084700000, 0x0000000084700000|100%| E|CS|TAMS 0x0000000084600000, 0x0000000084600000| Complete 
|  71|0x0000000084700000, 0x0000000084800000, 0x0000000084800000|100%| E|CS|TAMS 0x0000000084700000, 0x0000000084700000| Complete 
|  72|0x0000000084800000, 0x0000000084900000, 0x0000000084900000|100%| E|CS|TAMS 0x0000000084800000, 0x0000000084800000| Complete 
|  73|0x0000000084900000, 0x0000000084a00000, 0x0000000084a00000|100%| E|CS|TAMS 0x0000000084900000, 0x0000000084900000| Complete 
|  74|0x0000000084a00000, 0x0000000084b00000, 0x0000000084b00000|100%| E|CS|TAMS 0x0000000084a00000, 0x0000000084a00000| Complete 
|  75|0x0000000084b00000, 0x0000000084c00000, 0x0000000084c00000|100%| E|CS|TAMS 0x0000000084b00000, 0x0000000084b00000| Complete 
|  76|0x0000000084c00000, 0x0000000084d00000, 0x0000000084d00000|100%| E|CS|TAMS 0x0000000084c00000, 0x0000000084c00000| Complete 
|  77|0x0000000084d00000, 0x0000000084e00000, 0x0000000084e00000|100%| E|CS|TAMS 0x0000000084d00000, 0x0000000084d00000| Complete 
|  78|0x0000000084e00000, 0x0000000084f00000, 0x0000000084f00000|100%| E|CS|TAMS 0x0000000084e00000, 0x0000000084e00000| Complete 
|  79|0x0000000084f00000, 0x0000000085000000, 0x0000000085000000|100%| E|CS|TAMS 0x0000000084f00000, 0x0000000084f00000| Complete 
|  80|0x0000000085000000, 0x0000000085100000, 0x0000000085100000|100%| E|CS|TAMS 0x0000000085000000, 0x0000000085000000| Complete 
|  81|0x0000000085100000, 0x0000000085200000, 0x0000000085200000|100%| E|CS|TAMS 0x0000000085100000, 0x0000000085100000| Complete 
|  82|0x0000000085200000, 0x0000000085300000, 0x0000000085300000|100%| E|CS|TAMS 0x0000000085200000, 0x0000000085200000| Complete 
|  83|0x0000000085300000, 0x0000000085400000, 0x0000000085400000|100%| E|CS|TAMS 0x0000000085300000, 0x0000000085300000| Complete 
|  84|0x0000000085400000, 0x0000000085500000, 0x0000000085500000|100%| E|CS|TAMS 0x0000000085400000, 0x0000000085400000| Complete 
|  85|0x0000000085500000, 0x0000000085600000, 0x0000000085600000|100%| E|CS|TAMS 0x0000000085500000, 0x0000000085500000| Complete 
|  86|0x0000000085600000, 0x0000000085700000, 0x0000000085700000|100%| E|CS|TAMS 0x0000000085600000, 0x0000000085600000| Complete 
|  87|0x0000000085700000, 0x0000000085800000, 0x0000000085800000|100%| E|CS|TAMS 0x0000000085700000, 0x0000000085700000| Complete 
|  88|0x0000000085800000, 0x0000000085900000, 0x0000000085900000|100%| E|CS|TAMS 0x0000000085800000, 0x0000000085800000| Complete 
|  89|0x0000000085900000, 0x0000000085a00000, 0x0000000085a00000|100%| E|CS|TAMS 0x0000000085900000, 0x0000000085900000| Complete 
|  90|0x0000000085a00000, 0x0000000085b00000, 0x0000000085b00000|100%| E|CS|TAMS 0x0000000085a00000, 0x0000000085a00000| Complete 
|  91|0x0000000085b00000, 0x0000000085c00000, 0x0000000085c00000|100%| E|CS|TAMS 0x0000000085b00000, 0x0000000085b00000| Complete 
|  92|0x0000000085c00000, 0x0000000085d00000, 0x0000000085d00000|100%| E|CS|TAMS 0x0000000085c00000, 0x0000000085c00000| Complete 
|  93|0x0000000085d00000, 0x0000000085e00000, 0x0000000085e00000|100%| E|CS|TAMS 0x0000000085d00000, 0x0000000085d00000| Complete 
|  94|0x0000000085e00000, 0x0000000085f00000, 0x0000000085f00000|100%| E|CS|TAMS 0x0000000085e00000, 0x0000000085e00000| Complete 
|  95|0x0000000085f00000, 0x0000000086000000, 0x0000000086000000|100%| E|CS|TAMS 0x0000000085f00000, 0x0000000085f00000| Complete 
|  96|0x0000000086000000, 0x0000000086100000, 0x0000000086100000|100%| E|CS|TAMS 0x0000000086000000, 0x0000000086000000| Complete 
|  97|0x0000000086100000, 0x0000000086200000, 0x0000000086200000|100%| E|CS|TAMS 0x0000000086100000, 0x0000000086100000| Complete 
|  98|0x0000000086200000, 0x0000000086300000, 0x0000000086300000|100%| E|CS|TAMS 0x0000000086200000, 0x0000000086200000| Complete 
|  99|0x0000000086300000, 0x0000000086400000, 0x0000000086400000|100%| E|CS|TAMS 0x0000000086300000, 0x0000000086300000| Complete 
| 100|0x0000000086400000, 0x0000000086500000, 0x0000000086500000|100%| E|CS|TAMS 0x0000000086400000, 0x0000000086400000| Complete 
| 101|0x0000000086500000, 0x0000000086547d58, 0x0000000086600000| 28%| E|CS|TAMS 0x0000000086500000, 0x0000000086500000| Complete 
| 102|0x0000000086600000, 0x0000000086700000, 0x0000000086700000|100%| E|CS|TAMS 0x0000000086600000, 0x0000000086600000| Complete 
| 103|0x0000000086700000, 0x0000000086800000, 0x0000000086800000|100%| E|CS|TAMS 0x0000000086700000, 0x0000000086700000| Complete 
| 104|0x0000000086800000, 0x0000000086900000, 0x0000000086900000|100%| E|CS|TAMS 0x0000000086800000, 0x0000000086800000| Complete 
| 105|0x0000000086900000, 0x0000000086a00000, 0x0000000086a00000|100%| E|CS|TAMS 0x0000000086900000, 0x0000000086900000| Complete 
| 106|0x0000000086a00000, 0x0000000086b00000, 0x0000000086b00000|100%| E|CS|TAMS 0x0000000086a00000, 0x0000000086a00000| Complete 
| 107|0x0000000086b00000, 0x0000000086c00000, 0x0000000086c00000|100%| E|CS|TAMS 0x0000000086b00000, 0x0000000086b00000| Complete 
| 108|0x0000000086c00000, 0x0000000086d00000, 0x0000000086d00000|100%| E|CS|TAMS 0x0000000086c00000, 0x0000000086c00000| Complete 
| 109|0x0000000086d00000, 0x0000000086e00000, 0x0000000086e00000|100%| E|CS|TAMS 0x0000000086d00000, 0x0000000086d00000| Complete 
| 110|0x0000000086e00000, 0x0000000086f00000, 0x0000000086f00000|100%| E|CS|TAMS 0x0000000086e00000, 0x0000000086e00000| Complete 
| 111|0x0000000086f00000, 0x0000000087000000, 0x0000000087000000|100%| E|CS|TAMS 0x0000000086f00000, 0x0000000086f00000| Complete 
| 112|0x0000000087000000, 0x0000000087100000, 0x0000000087100000|100%| E|CS|TAMS 0x0000000087000000, 0x0000000087000000| Complete 
| 113|0x0000000087100000, 0x0000000087200000, 0x0000000087200000|100%| E|CS|TAMS 0x0000000087100000, 0x0000000087100000| Complete 
| 114|0x0000000087200000, 0x0000000087300000, 0x0000000087300000|100%| E|CS|TAMS 0x0000000087200000, 0x0000000087200000| Complete 
| 115|0x0000000087300000, 0x0000000087400000, 0x0000000087400000|100%| E|CS|TAMS 0x0000000087300000, 0x0000000087300000| Complete 
| 116|0x0000000087400000, 0x0000000087500000, 0x0000000087500000|100%| E|CS|TAMS 0x0000000087400000, 0x0000000087400000| Complete 
| 117|0x0000000087500000, 0x0000000087600000, 0x0000000087600000|100%| E|CS|TAMS 0x0000000087500000, 0x0000000087500000| Complete 
| 118|0x0000000087600000, 0x0000000087700000, 0x0000000087700000|100%| E|CS|TAMS 0x0000000087600000, 0x0000000087600000| Complete 
| 119|0x0000000087700000, 0x0000000087800000, 0x0000000087800000|100%| E|CS|TAMS 0x0000000087700000, 0x0000000087700000| Complete 
| 120|0x0000000087800000, 0x0000000087900000, 0x0000000087900000|100%| E|CS|TAMS 0x0000000087800000, 0x0000000087800000| Complete 
| 121|0x0000000087900000, 0x0000000087a00000, 0x0000000087a00000|100%| E|CS|TAMS 0x0000000087900000, 0x0000000087900000| Complete 
| 122|0x0000000087a00000, 0x0000000087b00000, 0x0000000087b00000|100%| E|CS|TAMS 0x0000000087a00000, 0x0000000087a00000| Complete 
| 123|0x0000000087b00000, 0x0000000087c00000, 0x0000000087c00000|100%| E|CS|TAMS 0x0000000087b00000, 0x0000000087b00000| Complete 
| 124|0x0000000087c00000, 0x0000000087d00000, 0x0000000087d00000|100%| E|CS|TAMS 0x0000000087c00000, 0x0000000087c00000| Complete 
| 125|0x0000000087d00000, 0x0000000087e00000, 0x0000000087e00000|100%| E|CS|TAMS 0x0000000087d00000, 0x0000000087d00000| Complete 
| 126|0x0000000087e00000, 0x0000000087f00000, 0x0000000087f00000|100%| E|CS|TAMS 0x0000000087e00000, 0x0000000087e00000| Complete 
| 127|0x0000000087f00000, 0x0000000088000000, 0x0000000088000000|100%| E|CS|TAMS 0x0000000087f00000, 0x0000000087f00000| Complete 

Card table byte_map: [0x000001a774750000,0x000001a774b50000] _byte_map_base: 0x000001a774350000

Marking Bits (Prev, Next): (CMBitMap*) 0x000001a76b510990, (CMBitMap*) 0x000001a76b5109d0
 Prev Bits: [0x000001a774f50000, 0x000001a776f50000)
 Next Bits: [0x000001a776f50000, 0x000001a778f50000)

Polling page: 0x000001a7694b0000

Metaspace:

Usage:
  Non-class:     13.51 MB used.
      Class:      2.27 MB used.
       Both:     15.79 MB used.

Virtual space:
  Non-class space:       64.00 MB reserved,      13.69 MB ( 21%) committed,  1 nodes.
      Class space:      416.00 MB reserved,       2.44 MB ( <1%) committed,  1 nodes.
             Both:      480.00 MB reserved,      16.12 MB (  3%) committed. 

Chunk freelists:
   Non-Class:  1.73 MB
       Class:  13.58 MB
        Both:  15.31 MB

MaxMetaspaceSize: 512.00 MB
CompressedClassSpaceSize: 416.00 MB
Initial GC threshold: 21.00 MB
Current GC threshold: 21.00 MB
CDS: on
MetaspaceReclaimPolicy: balanced
 - commit_granule_bytes: 65536.
 - commit_granule_words: 8192.
 - virtual_space_node_default_size: 8388608.
 - enlarge_chunks_in_place: 1.
 - new_chunks_are_fully_committed: 0.
 - uncommit_free_chunks: 1.
 - use_allocation_guard: 0.
 - handle_deallocations: 1.


Internal statistics:

num_allocs_failed_limit: 0.
num_arena_births: 206.
num_arena_deaths: 0.
num_vsnodes_births: 2.
num_vsnodes_deaths: 0.
num_space_committed: 258.
num_space_uncommitted: 0.
num_chunks_returned_to_freelist: 0.
num_chunks_taken_from_freelist: 708.
num_chunk_merges: 0.
num_chunk_splits: 489.
num_chunks_enlarged: 377.
num_inconsistent_stats: 0.

CodeHeap 'non-profiled nmethods': size=120000Kb used=1278Kb max_used=1278Kb free=118721Kb
 bounds [0x000001a707ad0000, 0x000001a707d40000, 0x000001a70f000000]
CodeHeap 'profiled nmethods': size=120000Kb used=4592Kb max_used=4592Kb free=115407Kb
 bounds [0x000001a700000000, 0x000001a700480000, 0x000001a707530000]
CodeHeap 'non-nmethods': size=5760Kb used=1230Kb max_used=1296Kb free=4529Kb
 bounds [0x000001a707530000, 0x000001a7077a0000, 0x000001a707ad0000]
 total_blobs=2794 nmethods=2258 adapters=448
 compilation: enabled
              stopped_count=0, restarted_count=0
 full_count=0

Compilation events (20 events):
Event: 3.182 Thread 0x000001a77b41c2e0 2250       3       java.util.LinkedList::unlink (91 bytes)
Event: 3.182 Thread 0x000001a77b41c2e0 nmethod 2250 0x000001a70047a490 code [0x000001a70047a640, 0x000001a70047aa18]
Event: 3.184 Thread 0x000001a72e37d730 2251       4       java.util.HashMap::put (13 bytes)
Event: 3.185 Thread 0x000001a77b41c2e0 2252       3       java.lang.invoke.DirectMethodHandle$Constructor::<init> (44 bytes)
Event: 3.185 Thread 0x000001a77b41c2e0 nmethod 2252 0x000001a70047ab90 code [0x000001a70047ad40, 0x000001a70047af68]
Event: 3.194 Thread 0x000001a72e37d730 nmethod 2251 0x000001a707c0c890 code [0x000001a707c0ca60, 0x000001a707c0d268]
Event: 3.195 Thread 0x000001a72e37d730 2253       4       java.security.CodeSource::getCertificates (98 bytes)
Event: 3.195 Thread 0x000001a72e37d730 nmethod 2253 0x000001a707c0d810 code [0x000001a707c0d980, 0x000001a707c0da38]
Event: 3.208 Thread 0x000001a77b41c2e0 2254       3       java.util.LinkedList$ListItr::<init> (47 bytes)
Event: 3.209 Thread 0x000001a77b41c2e0 nmethod 2254 0x000001a70047b010 code [0x000001a70047b1c0, 0x000001a70047b4a8]
Event: 3.210 Thread 0x000001a77b41c2e0 2255       3       org.gradle.internal.service.DefaultServiceRegistry$SingletonService::getAll (23 bytes)
Event: 3.210 Thread 0x000001a77b41c2e0 nmethod 2255 0x000001a70047b590 code [0x000001a70047b760, 0x000001a70047ba08]
Event: 3.215 Thread 0x000001a72e37d730 2256       4       jdk.internal.ref.PhantomCleanable::<init> (49 bytes)
Event: 3.227 Thread 0x000001a72e37d730 nmethod 2256 0x000001a707c0e110 code [0x000001a707c0e2a0, 0x000001a707c0ed78]
Event: 3.227 Thread 0x000001a72e37d730 2260       4       java.security.AccessController::checkContext (49 bytes)
Event: 3.228 Thread 0x000001a72e37d730 nmethod 2260 0x000001a707c0f090 code [0x000001a707c0f200, 0x000001a707c0f298]
Event: 3.228 Thread 0x000001a72e37d730 2259   !   4       java.security.AccessController::doPrivileged (26 bytes)
Event: 3.230 Thread 0x000001a72e37d730 nmethod 2259 0x000001a707c0f390 code [0x000001a707c0f540, 0x000001a707c0f6e8]
Event: 3.255 Thread 0x000001a77b41c2e0 2261       3       java.util.concurrent.locks.ReentrantLock$Sync::tryRelease (51 bytes)
Event: 3.256 Thread 0x000001a77b41c2e0 nmethod 2261 0x000001a70047bb90 code [0x000001a70047bd40, 0x000001a70047c088]

GC Heap History (7 events):
Event: 0.395 GC heap before
{Heap before GC invocations=0 (full 0):
 garbage-first heap   total 131072K, used 13312K [0x0000000080000000, 0x0000000100000000)
  region size 1024K, 13 young (13312K), 0 survivors (0K)
 Metaspace       used 1006K, committed 1152K, reserved 491520K
  class space    used 79K, committed 128K, reserved 425984K
}
Event: 0.398 GC heap after
{Heap after GC invocations=1 (full 0):
 garbage-first heap   total 131072K, used 3509K [0x0000000080000000, 0x0000000100000000)
  region size 1024K, 2 young (2048K), 2 survivors (2048K)
 Metaspace       used 1006K, committed 1152K, reserved 491520K
  class space    used 79K, committed 128K, reserved 425984K
}
Event: 0.851 GC heap before
{Heap before GC invocations=1 (full 0):
 garbage-first heap   total 131072K, used 21941K [0x0000000080000000, 0x0000000100000000)
  region size 1024K, 17 young (17408K), 2 survivors (2048K)
 Metaspace       used 3843K, committed 4032K, reserved 491520K
  class space    used 486K, committed 576K, reserved 425984K
}
Event: 0.855 GC heap after
{Heap after GC invocations=2 (full 0):
 garbage-first heap   total 131072K, used 10813K [0x0000000080000000, 0x0000000100000000)
  region size 1024K, 3 young (3072K), 3 survivors (3072K)
 Metaspace       used 3843K, committed 4032K, reserved 491520K
  class space    used 486K, committed 576K, reserved 425984K
}
Event: 1.309 GC heap before
{Heap before GC invocations=2 (full 0):
 garbage-first heap   total 131072K, used 34365K [0x0000000080000000, 0x0000000100000000)
  region size 1024K, 25 young (25600K), 3 survivors (3072K)
 Metaspace       used 4003K, committed 4160K, reserved 491520K
  class space    used 489K, committed 576K, reserved 425984K
}
Event: 1.312 GC heap after
{Heap after GC invocations=3 (full 0):
 garbage-first heap   total 131072K, used 11965K [0x0000000080000000, 0x0000000100000000)
  region size 1024K, 2 young (2048K), 2 survivors (2048K)
 Metaspace       used 4003K, committed 4160K, reserved 491520K
  class space    used 489K, committed 576K, reserved 425984K
}
Event: 3.257 GC heap before
{Heap before GC invocations=3 (full 0):
 garbage-first heap   total 131072K, used 87741K [0x0000000080000000, 0x0000000100000000)
  region size 1024K, 76 young (77824K), 2 survivors (2048K)
 Metaspace       used 16165K, committed 16512K, reserved 491520K
  class space    used 2328K, committed 2496K, reserved 425984K
}

Dll operation events (15 events):
Event: 0.011 Loaded shared library C:\Program Files\OpenLogic\jdk-17.0.10.7-hotspot\bin\java.dll
Event: 0.030 Loaded shared library C:\Program Files\OpenLogic\jdk-17.0.10.7-hotspot\bin\jsvml.dll
Event: 0.083 Loaded shared library C:\Program Files\OpenLogic\jdk-17.0.10.7-hotspot\bin\zip.dll
Event: 0.087 Loaded shared library C:\Program Files\OpenLogic\jdk-17.0.10.7-hotspot\bin\instrument.dll
Event: 0.091 Loaded shared library C:\Program Files\OpenLogic\jdk-17.0.10.7-hotspot\bin\net.dll
Event: 0.093 Loaded shared library C:\Program Files\OpenLogic\jdk-17.0.10.7-hotspot\bin\nio.dll
Event: 0.096 Loaded shared library C:\Program Files\OpenLogic\jdk-17.0.10.7-hotspot\bin\zip.dll
Event: 0.329 Loaded shared library C:\Program Files\OpenLogic\jdk-17.0.10.7-hotspot\bin\jimage.dll
Event: 0.400 Loaded shared library C:\Program Files\OpenLogic\jdk-17.0.10.7-hotspot\bin\verify.dll
Event: 0.578 Loaded shared library C:\Users\DELL\.gradle\native\68d5fa5c4cc2d200863cafc0d521ce42e7d3e7ee720ec0a83991735586a16f82\windows-amd64\native-platform.dll
Event: 0.592 Loaded shared library C:\Users\DELL\.gradle\native\e376f236ea51e6404a007f0833ffe2c6e607c4080706a723a18a27aeea778392\windows-amd64\native-platform-file-events.dll
Event: 1.676 Loaded shared library C:\Program Files\OpenLogic\jdk-17.0.10.7-hotspot\bin\management.dll
Event: 1.680 Loaded shared library C:\Program Files\OpenLogic\jdk-17.0.10.7-hotspot\bin\management_ext.dll
Event: 2.008 Loaded shared library C:\Program Files\OpenLogic\jdk-17.0.10.7-hotspot\bin\extnet.dll
Event: 2.280 Loaded shared library C:\Program Files\OpenLogic\jdk-17.0.10.7-hotspot\bin\sunmscapi.dll

Deoptimization events (20 events):
Event: 2.586 Thread 0x000001a7306e2870 Uncommon trap: trap_request=0xffffff45 fr.pc=0x000001a707b90f78 relative=0x0000000000000258
Event: 2.586 Thread 0x000001a7306e2870 Uncommon trap: reason=unstable_if action=reinterpret pc=0x000001a707b90f78 method=java.util.concurrent.ConcurrentHashMap.get(Ljava/lang/Object;)Ljava/lang/Object; @ 76 c2
Event: 2.586 Thread 0x000001a7306e2870 DEOPT PACKING pc=0x000001a707b90f78 sp=0x00000068ecefb6a0
Event: 2.586 Thread 0x000001a7306e2870 DEOPT UNPACKING pc=0x000001a7075869a3 sp=0x00000068ecefb608 mode 2
Event: 2.864 Thread 0x000001a7306e2870 Uncommon trap: trap_request=0xffffff45 fr.pc=0x000001a707aef7c4 relative=0x00000000000001a4
Event: 2.864 Thread 0x000001a7306e2870 Uncommon trap: reason=unstable_if action=reinterpret pc=0x000001a707aef7c4 method=java.util.regex.Matcher.reset()Ljava/util/regex/Matcher; @ 47 c2
Event: 2.864 Thread 0x000001a7306e2870 DEOPT PACKING pc=0x000001a707aef7c4 sp=0x00000068ecefad20
Event: 2.864 Thread 0x000001a7306e2870 DEOPT UNPACKING pc=0x000001a7075869a3 sp=0x00000068ecefacb0 mode 2
Event: 2.884 Thread 0x000001a7306e2870 Uncommon trap: trap_request=0xffffff45 fr.pc=0x000001a707b6847c relative=0x000000000000075c
Event: 2.884 Thread 0x000001a7306e2870 Uncommon trap: reason=unstable_if action=reinterpret pc=0x000001a707b6847c method=java.util.ArrayList.grow(I)[Ljava/lang/Object; @ 17 c2
Event: 2.884 Thread 0x000001a7306e2870 DEOPT PACKING pc=0x000001a707b6847c sp=0x00000068ecefce60
Event: 2.884 Thread 0x000001a7306e2870 DEOPT UNPACKING pc=0x000001a7075869a3 sp=0x00000068ecefccf8 mode 2
Event: 2.905 Thread 0x000001a7306e2870 Uncommon trap: trap_request=0xffffff45 fr.pc=0x000001a707af38e4 relative=0x0000000000000ae4
Event: 2.905 Thread 0x000001a7306e2870 Uncommon trap: reason=unstable_if action=reinterpret pc=0x000001a707af38e4 method=java.io.WinNTFileSystem.resolve(Ljava/lang/String;Ljava/lang/String;)Ljava/lang/String; @ 19 c2
Event: 2.905 Thread 0x000001a7306e2870 DEOPT PACKING pc=0x000001a707af38e4 sp=0x00000068ecefcd40
Event: 2.905 Thread 0x000001a7306e2870 DEOPT UNPACKING pc=0x000001a7075869a3 sp=0x00000068ecefcce8 mode 2
Event: 2.906 Thread 0x000001a7306e2870 Uncommon trap: trap_request=0xffffff45 fr.pc=0x000001a707b4ea60 relative=0x0000000000000620
Event: 2.906 Thread 0x000001a7306e2870 Uncommon trap: reason=unstable_if action=reinterpret pc=0x000001a707b4ea60 method=java.io.File.getName()Ljava/lang/String; @ 16 c2
Event: 2.906 Thread 0x000001a7306e2870 DEOPT PACKING pc=0x000001a707b4ea60 sp=0x00000068ecefcce0
Event: 2.906 Thread 0x000001a7306e2870 DEOPT UNPACKING pc=0x000001a7075869a3 sp=0x00000068ecefccb0 mode 2

Classes unloaded (0 events):
No events

Classes redefined (0 events):
No events

Internal exceptions (20 events):
Event: 2.549 Thread 0x000001a7306e2870 Exception <a 'java/lang/NoSuchMethodError'{0x0000000085881c78}: 'void java.lang.invoke.DirectMethodHandle$Holder.invokeStatic(java.lang.Object, java.lang.Object)'> (0x0000000085881c78) 
thrown [s\src\hotspot\share\interpreter\linkResolver.cpp, line 759]
Event: 2.581 Thread 0x000001a7306e2870 Exception <a 'java/lang/NoSuchMethodError'{0x000000008562b510}: 'java.lang.Object java.lang.invoke.DirectMethodHandle$Holder.newInvokeSpecial(java.lang.Object, java.lang.Object, java.lang.Object, java.lang.Object, java.lang.Object)'> (0x000000008562b510) 
thrown [s\src\hotspot\share\interpreter\linkResolver.cpp, line 759]
Event: 2.619 Thread 0x000001a7306e2870 Exception <a 'java/lang/NoSuchMethodError'{0x0000000085450e68}: 'void java.lang.invoke.DirectMethodHandle$Holder.invokeSpecial(java.lang.Object, java.lang.Object, java.lang.Object)'> (0x0000000085450e68) 
thrown [s\src\hotspot\share\interpreter\linkResolver.cpp, line 759]
Event: 2.634 Thread 0x000001a7306e2870 Exception <a 'java/lang/NoSuchMethodError'{0x00000000854fce98}: 'java.lang.Object java.lang.invoke.DirectMethodHandle$Holder.newInvokeSpecial(java.lang.Object, java.lang.Object, java.lang.Object, java.lang.Object, java.lang.Object, java.lang.Object)'> (0x00000000854fce98) 
thrown [s\src\hotspot\share\interpreter\linkResolver.cpp, line 759]
Event: 2.636 Thread 0x000001a7306e2870 Exception <a 'java/lang/NoSuchMethodError'{0x0000000085314e68}: 'void java.lang.invoke.DirectMethodHandle$Holder.invokeSpecial(java.lang.Object, java.lang.Object, java.lang.Object, java.lang.Object, java.lang.Object)'> (0x0000000085314e68) 
thrown [s\src\hotspot\share\interpreter\linkResolver.cpp, line 759]
Event: 2.638 Thread 0x000001a7306e2870 Exception <a 'java/lang/NoSuchMethodError'{0x0000000085328c88}: 'void java.lang.invoke.DirectMethodHandle$Holder.invokeStaticInit(java.lang.Object, java.lang.Object)'> (0x0000000085328c88) 
thrown [s\src\hotspot\share\interpreter\linkResolver.cpp, line 759]
Event: 2.698 Thread 0x000001a7306e2870 Exception <a 'java/lang/NoSuchMethodError'{0x00000000851f1098}: 'void java.lang.invoke.DelegatingMethodHandle$Holder.reinvoke_L(java.lang.Object, java.lang.Object, java.lang.Object, java.lang.Object, java.lang.Object, java.lang.Object, java.lang.Object, java.lang.Object, java.lang.Object, java.lang.Object)'> (0x00000000851f1098) 
thrown [s\src\hotspot\share\interpreter\linkResolver.cpp, line 759]
Event: 2.699 Thread 0x000001a7306e2870 Exception <a 'java/lang/NoSuchMethodError'{0x00000000851f9508}: 'java.lang.Object java.lang.invoke.DirectMethodHandle$Holder.invokeSpecial(java.lang.Object, java.lang.Object, java.lang.Object, java.lang.Object, java.lang.Object, java.lang.Object, java.lang.Object, java.lang.Object, java.lang.Object, java.lang.Object)'> (0x00000000851f9508) 
thrown [s\src\hotspot\share\interpreter\linkResolver.cpp, line 759]
Event: 2.699 Thread 0x000001a7306e2870 Exception <a 'java/lang/NoSuchMethodError'{0x00000000851fddd8}: 'java.lang.Object java.lang.invoke.Invokers$Holder.invoker(java.lang.Object, java.lang.Object, java.lang.Object, java.lang.Object, java.lang.Object, java.lang.Object, java.lang.Object, java.lang.Object, java.lang.Object, java.lang.Object)'> (0x00000000851fddd8) 
thrown [s\src\hotspot\share\interpreter\linkResolver.cpp, line 759]
Event: 2.699 Thread 0x000001a7306e2870 Exception <a 'java/lang/NoSuchMethodError'{0x0000000085003e08}: 'java.lang.Object java.lang.invoke.DirectMethodHandle$Holder.invokeSpecial(java.lang.Object, java.lang.Object, java.lang.Object, java.lang.Object, java.lang.Object, java.lang.Object, java.lang.Object, java.lang.Object, java.lang.Object, java.lang.Object, java.lang.Object)'> (0x0000000085003e08) 
thrown [s\src\hotspot\share\interpreter\linkResolver.cpp, line 759]
Event: 2.829 Thread 0x000001a7306e2870 Exception <a 'java/lang/NoSuchMethodError'{0x0000000084bcfd28}: 'void java.lang.invoke.DirectMethodHandle$Holder.invokeStaticInit(java.lang.Object)'> (0x0000000084bcfd28) 
thrown [s\src\hotspot\share\interpreter\linkResolver.cpp, line 759]
Event: 2.847 Thread 0x000001a7306e2870 Exception <a 'java/lang/NoSuchMethodError'{0x0000000084a7fe20}: 'java.lang.Object java.lang.invoke.DirectMethodHandle$Holder.newInvokeSpecial(java.lang.Object, java.lang.Object, java.lang.Object, int)'> (0x0000000084a7fe20) 
thrown [s\src\hotspot\share\interpreter\linkResolver.cpp, line 759]
Event: 2.847 Thread 0x000001a7306e2870 Exception <a 'java/lang/NoSuchMethodError'{0x0000000084904490}: 'java.lang.Object java.lang.invoke.DirectMethodHandle$Holder.invokeSpecial(java.lang.Object, java.lang.Object, java.lang.Object, java.lang.Object, int)'> (0x0000000084904490) 
thrown [s\src\hotspot\share\interpreter\linkResolver.cpp, line 759]
Event: 2.847 Thread 0x000001a7306e2870 Exception <a 'java/lang/NoSuchMethodError'{0x00000000849085a8}: 'java.lang.Object java.lang.invoke.Invokers$Holder.linkToTargetMethod(java.lang.Object, java.lang.Object, int, java.lang.Object)'> (0x00000000849085a8) 
thrown [s\src\hotspot\share\interpreter\linkResolver.cpp, line 759]
Event: 3.114 Thread 0x000001a7306e2870 Exception <a 'java/lang/NoSuchMethodError'{0x0000000083b15aa8}: 'int java.lang.invoke.DirectMethodHandle$Holder.invokeSpecialIFC(java.lang.Object, java.lang.Object, java.lang.Object, java.lang.Object)'> (0x0000000083b15aa8) 
thrown [s\src\hotspot\share\interpreter\linkResolver.cpp, line 759]
Event: 3.117 Thread 0x000001a7306e2870 Exception <a 'java/lang/NoSuchMethodError'{0x0000000083b24a80}: 'java.lang.Object java.lang.invoke.DirectMethodHandle$Holder.invokeInterface(java.lang.Object, java.lang.Object, java.lang.Object)'> (0x0000000083b24a80) 
thrown [s\src\hotspot\share\interpreter\linkResolver.cpp, line 759]
Event: 3.117 Thread 0x000001a7306e2870 Exception <a 'java/lang/IncompatibleClassChangeError'{0x0000000083b28698}: Found class java.lang.Object, but interface was expected> (0x0000000083b28698) 
thrown [s\src\hotspot\share\interpreter\linkResolver.cpp, line 826]
Event: 3.150 Thread 0x000001a7306e2870 Exception <a 'java/lang/NoSuchMethodError'{0x0000000083a24398}: 'int java.lang.invoke.DirectMethodHandle$Holder.invokeStatic(java.lang.Object, java.lang.Object, java.lang.Object, java.lang.Object)'> (0x0000000083a24398) 
thrown [s\src\hotspot\share\interpreter\linkResolver.cpp, line 759]
Event: 3.150 Thread 0x000001a7306e2870 Exception <a 'java/lang/NoSuchMethodError'{0x0000000083a27fc0}: 'java.lang.Object java.lang.invoke.Invokers$Holder.invokeExact_MT(java.lang.Object, java.lang.Object, java.lang.Object, java.lang.Object, java.lang.Object, java.lang.Object)'> (0x0000000083a27fc0) 
thrown [s\src\hotspot\share\interpreter\linkResolver.cpp, line 759]
Event: 3.216 Thread 0x000001a7306e2870 Exception <a 'java/lang/NoSuchMethodError'{0x000000008361b6f8}: 'java.lang.Object java.lang.invoke.DirectMethodHandle$Holder.invokeSpecial(java.lang.Object, java.lang.Object, java.lang.Object, java.lang.Object, java.lang.Object, java.lang.Object, java.lang.Object, java.lang.Object, java.lang.Object)'> (0x000000008361b6f8) 
thrown [s\src\hotspot\share\interpreter\linkResolver.cpp, line 759]

VM Operations (20 events):
Event: 1.895 Executing VM operation: HandshakeAllThreads done
Event: 1.986 Executing VM operation: HandshakeAllThreads
Event: 1.986 Executing VM operation: HandshakeAllThreads done
Event: 2.191 Executing VM operation: HandshakeAllThreads
Event: 2.191 Executing VM operation: HandshakeAllThreads done
Event: 2.248 Executing VM operation: HandshakeAllThreads
Event: 2.248 Executing VM operation: HandshakeAllThreads done
Event: 2.673 Executing VM operation: HandshakeAllThreads
Event: 2.673 Executing VM operation: HandshakeAllThreads done
Event: 2.673 Executing VM operation: Cleanup
Event: 2.673 Executing VM operation: Cleanup done
Event: 2.911 Executing VM operation: HandshakeAllThreads
Event: 2.911 Executing VM operation: HandshakeAllThreads done
Event: 2.911 Executing VM operation: HandshakeAllThreads
Event: 2.911 Executing VM operation: HandshakeAllThreads done
Event: 2.943 Executing VM operation: HandshakeAllThreads
Event: 2.943 Executing VM operation: HandshakeAllThreads done
Event: 2.943 Executing VM operation: HandshakeAllThreads
Event: 2.943 Executing VM operation: HandshakeAllThreads done
Event: 3.257 Executing VM operation: G1CollectForAllocation

Events (20 events):
Event: 3.096 loading class sun/security/provider/ByteArrayAccess$LE done
Event: 3.106 Thread 0x000001a731684490 Thread added: 0x000001a731684490
Event: 3.110 loading class java/util/concurrent/Semaphore
Event: 3.111 loading class java/util/concurrent/Semaphore done
Event: 3.112 loading class java/nio/file/FileVisitOption
Event: 3.112 loading class java/nio/file/FileVisitOption done
Event: 3.118 loading class java/util/stream/ReduceOps$1
Event: 3.118 loading class java/util/stream/ReduceOps$1 done
Event: 3.118 loading class java/util/stream/ReduceOps$1ReducingSink
Event: 3.119 loading class java/util/stream/ReduceOps$1ReducingSink done
Event: 3.130 loading class java/io/ObjectOutputStream
Event: 3.131 loading class java/io/ObjectOutput
Event: 3.131 loading class java/io/ObjectOutput done
Event: 3.132 loading class java/io/ObjectStreamConstants
Event: 3.132 loading class java/io/ObjectStreamConstants done
Event: 3.132 loading class java/io/ObjectOutputStream done
Event: 3.133 loading class java/io/ObjectInputStream
Event: 3.134 loading class java/io/ObjectInput
Event: 3.134 loading class java/io/ObjectInput done
Event: 3.134 loading class java/io/ObjectInputStream done


Dynamic libraries:
0x00007ff6d3810000 - 0x00007ff6d381e000 	C:\Program Files\OpenLogic\jdk-17.0.10.7-hotspot\bin\java.exe
0x00007fffc4a30000 - 0x00007fffc4c28000 	C:\Windows\SYSTEM32\ntdll.dll
0x00007fffc4330000 - 0x00007fffc43f1000 	C:\Windows\System32\KERNEL32.DLL
0x00007fffc2510000 - 0x00007fffc2806000 	C:\Windows\System32\KERNELBASE.dll
0x00007fffc2960000 - 0x00007fffc2a60000 	C:\Windows\System32\ucrtbase.dll
0x00007fffb1de0000 - 0x00007fffb1dfb000 	C:\Program Files\OpenLogic\jdk-17.0.10.7-hotspot\bin\VCRUNTIME140.dll
0x00007fffb1dc0000 - 0x00007fffb1dd7000 	C:\Program Files\OpenLogic\jdk-17.0.10.7-hotspot\bin\jli.dll
0x00007fffc4100000 - 0x00007fffc429f000 	C:\Windows\System32\USER32.dll
0x00007fffc1440000 - 0x00007fffc16da000 	C:\Windows\WinSxS\amd64_microsoft.windows.common-controls_6595b64144ccf1df_6.0.19041.4355_none_60b8b9eb71f62e16\COMCTL32.dll
0x00007fffc24e0000 - 0x00007fffc2502000 	C:\Windows\System32\win32u.dll
0x00007fffc4760000 - 0x00007fffc47fe000 	C:\Windows\System32\msvcrt.dll
0x00007fffc3d90000 - 0x00007fffc3dbb000 	C:\Windows\System32\GDI32.dll
0x00007fffc20e0000 - 0x00007fffc21f7000 	C:\Windows\System32\gdi32full.dll
0x00007fffc2810000 - 0x00007fffc28ad000 	C:\Windows\System32\msvcp_win.dll
0x00007fffc2a60000 - 0x00007fffc2a8f000 	C:\Windows\System32\IMM32.DLL
0x00007fffbc4c0000 - 0x00007fffbc4cc000 	C:\Program Files\OpenLogic\jdk-17.0.10.7-hotspot\bin\vcruntime140_1.dll
0x00007fff990a0000 - 0x00007fff9912d000 	C:\Program Files\OpenLogic\jdk-17.0.10.7-hotspot\bin\msvcp140.dll
0x00007fff69870000 - 0x00007fff6a4d2000 	C:\Program Files\OpenLogic\jdk-17.0.10.7-hotspot\bin\server\jvm.dll
0x00007fffc3dc0000 - 0x00007fffc3e70000 	C:\Windows\System32\ADVAPI32.dll
0x00007fffc3070000 - 0x00007fffc3110000 	C:\Windows\System32\sechost.dll
0x00007fffc4400000 - 0x00007fffc4523000 	C:\Windows\System32\RPCRT4.dll
0x00007fffc2350000 - 0x00007fffc2377000 	C:\Windows\System32\bcrypt.dll
0x00007fffc1f30000 - 0x00007fffc1f7b000 	C:\Windows\SYSTEM32\POWRPROF.dll
0x00007fffbc440000 - 0x00007fffbc449000 	C:\Windows\SYSTEM32\WSOCK32.dll
0x00007fff9f9d0000 - 0x00007fff9f9f7000 	C:\Windows\SYSTEM32\WINMM.dll
0x00007fffc4030000 - 0x00007fffc409b000 	C:\Windows\System32\WS2_32.dll
0x00007fffbf8f0000 - 0x00007fffbf8fa000 	C:\Windows\SYSTEM32\VERSION.dll
0x00007fffc1f10000 - 0x00007fffc1f22000 	C:\Windows\SYSTEM32\UMPDC.dll
0x00007fffc0280000 - 0x00007fffc0292000 	C:\Windows\SYSTEM32\kernel.appcore.dll
0x00007fffbb850000 - 0x00007fffbb85a000 	C:\Program Files\OpenLogic\jdk-17.0.10.7-hotspot\bin\jimage.dll
0x00007fffc19e0000 - 0x00007fffc1bc4000 	C:\Windows\SYSTEM32\DBGHELP.DLL
0x00007fffc17f0000 - 0x00007fffc1824000 	C:\Windows\SYSTEM32\dbgcore.DLL
0x00007fffc2200000 - 0x00007fffc2282000 	C:\Windows\System32\bcryptPrimitives.dll
0x00007fffb2680000 - 0x00007fffb268e000 	C:\Program Files\OpenLogic\jdk-17.0.10.7-hotspot\bin\instrument.dll
0x00007fffb1d90000 - 0x00007fffb1db5000 	C:\Program Files\OpenLogic\jdk-17.0.10.7-hotspot\bin\java.dll
0x00007fff96440000 - 0x00007fff96516000 	C:\Program Files\OpenLogic\jdk-17.0.10.7-hotspot\bin\jsvml.dll
0x00007fffc32c0000 - 0x00007fffc3a2c000 	C:\Windows\System32\SHELL32.dll
0x00007fffbfad0000 - 0x00007fffc026e000 	C:\Windows\SYSTEM32\windows.storage.dll
0x00007fffc3a30000 - 0x00007fffc3d83000 	C:\Windows\System32\combase.dll
0x00007fffc13a0000 - 0x00007fffc13ce000 	C:\Windows\SYSTEM32\Wldp.dll
0x00007fffc4800000 - 0x00007fffc48cd000 	C:\Windows\System32\OLEAUT32.dll
0x00007fffc4560000 - 0x00007fffc460d000 	C:\Windows\System32\SHCORE.dll
0x00007fffc2a90000 - 0x00007fffc2ae5000 	C:\Windows\System32\shlwapi.dll
0x00007fffc2010000 - 0x00007fffc2034000 	C:\Windows\SYSTEM32\profapi.dll
0x00007fffa4300000 - 0x00007fffa4318000 	C:\Program Files\OpenLogic\jdk-17.0.10.7-hotspot\bin\zip.dll
0x00007fffa8810000 - 0x00007fffa8829000 	C:\Program Files\OpenLogic\jdk-17.0.10.7-hotspot\bin\net.dll
0x00007fffb9cd0000 - 0x00007fffb9dda000 	C:\Windows\SYSTEM32\WINHTTP.dll
0x00007fffc1270000 - 0x00007fffc12da000 	C:\Windows\system32\mswsock.dll
0x00007fffa69d0000 - 0x00007fffa69e6000 	C:\Program Files\OpenLogic\jdk-17.0.10.7-hotspot\bin\nio.dll
0x00007fffbae90000 - 0x00007fffbaea0000 	C:\Program Files\OpenLogic\jdk-17.0.10.7-hotspot\bin\verify.dll
0x00007fffa2980000 - 0x00007fffa29a7000 	C:\Users\DELL\.gradle\native\68d5fa5c4cc2d200863cafc0d521ce42e7d3e7ee720ec0a83991735586a16f82\windows-amd64\native-platform.dll
0x00007fff8d6d0000 - 0x00007fff8d814000 	C:\Users\DELL\.gradle\native\e376f236ea51e6404a007f0833ffe2c6e607c4080706a723a18a27aeea778392\windows-amd64\native-platform-file-events.dll
0x00007fffb7d70000 - 0x00007fffb7d79000 	C:\Program Files\OpenLogic\jdk-17.0.10.7-hotspot\bin\management.dll
0x00007fffb28e0000 - 0x00007fffb28eb000 	C:\Program Files\OpenLogic\jdk-17.0.10.7-hotspot\bin\management_ext.dll
0x00007fffc4610000 - 0x00007fffc4618000 	C:\Windows\System32\PSAPI.DLL
0x00007fffc1d70000 - 0x00007fffc1d88000 	C:\Windows\SYSTEM32\CRYPTSP.dll
0x00007fffc0a80000 - 0x00007fffc0ab4000 	C:\Windows\system32\rsaenh.dll
0x00007fffc1f80000 - 0x00007fffc1fae000 	C:\Windows\SYSTEM32\USERENV.dll
0x00007fffc1360000 - 0x00007fffc136c000 	C:\Windows\SYSTEM32\CRYPTBASE.dll
0x00007fffc0de0000 - 0x00007fffc0e1b000 	C:\Windows\SYSTEM32\IPHLPAPI.DLL
0x00007fffc4620000 - 0x00007fffc4628000 	C:\Windows\System32\NSI.dll
0x00007fffb9b70000 - 0x00007fffb9b87000 	C:\Windows\SYSTEM32\dhcpcsvc6.DLL
0x00007fffba650000 - 0x00007fffba66d000 	C:\Windows\SYSTEM32\dhcpcsvc.DLL
0x00007fffc0e20000 - 0x00007fffc0eea000 	C:\Windows\SYSTEM32\DNSAPI.dll
0x00007fffb2890000 - 0x00007fffb2898000 	C:\Program Files\OpenLogic\jdk-17.0.10.7-hotspot\bin\extnet.dll
0x00007fffb1be0000 - 0x00007fffb1bee000 	C:\Program Files\OpenLogic\jdk-17.0.10.7-hotspot\bin\sunmscapi.dll
0x00007fffc2380000 - 0x00007fffc24de000 	C:\Windows\System32\CRYPT32.dll
0x00007fffc1410000 - 0x00007fffc1439000 	C:\Windows\SYSTEM32\ncrypt.dll
0x00007fffc13d0000 - 0x00007fffc140b000 	C:\Windows\SYSTEM32\NTASN1.dll
0x00007fffaf970000 - 0x00007fffaf977000 	C:\Windows\system32\wshunix.dll

dbghelp: loaded successfully - version: 4.0.5 - missing functions: none
symbol engine: initialized successfully - sym options: 0x614 - pdb path: .;C:\Program Files\OpenLogic\jdk-17.0.10.7-hotspot\bin;C:\Windows\SYSTEM32;C:\Windows\WinSxS\amd64_microsoft.windows.common-controls_6595b64144ccf1df_6.0.19041.4355_none_60b8b9eb71f62e16;C:\Program Files\OpenLogic\jdk-17.0.10.7-hotspot\bin\server;C:\Users\DELL\.gradle\native\68d5fa5c4cc2d200863cafc0d521ce42e7d3e7ee720ec0a83991735586a16f82\windows-amd64;C:\Users\DELL\.gradle\native\e376f236ea51e6404a007f0833ffe2c6e607c4080706a723a18a27aeea778392\windows-amd64

VM Arguments:
jvm_args: -XX:MaxMetaspaceSize=512m --add-opens=java.base/java.util=ALL-UNNAMED --add-opens=java.base/java.lang=ALL-UNNAMED --add-opens=java.base/java.lang.invoke=ALL-UNNAMED --add-opens=java.prefs/java.util.prefs=ALL-UNNAMED --add-opens=java.base/java.nio.charset=ALL-UNNAMED --add-opens=java.base/java.net=ALL-UNNAMED --add-opens=java.base/java.util.concurrent.atomic=ALL-UNNAMED -Xmx2048m -Dfile.encoding=windows-1252 -Duser.country=IN -Duser.language=en -Duser.variant -javaagent:C:\Users\DELL\.gradle\wrapper\dists\gradle-8.3-all\6en3ugtfdg5xnpx44z4qbwgas\gradle-8.3\lib\agents\gradle-instrumentation-agent-8.3.jar 
java_command: org.gradle.launcher.daemon.bootstrap.GradleDaemon 8.3
java_class_path (initial): C:\Users\DELL\.gradle\wrapper\dists\gradle-8.3-all\6en3ugtfdg5xnpx44z4qbwgas\gradle-8.3\lib\gradle-launcher-8.3.jar
Launcher Type: SUN_STANDARD

[Global flags]
     intx CICompilerCount                          = 3                                         {product} {ergonomic}
   size_t CompressedClassSpaceSize                 = 436207616                                 {product} {ergonomic}
     uint ConcGCThreads                            = 1                                         {product} {ergonomic}
     uint G1ConcRefinementThreads                  = 4                                         {product} {ergonomic}
   size_t G1HeapRegionSize                         = 1048576                                   {product} {ergonomic}
    uintx GCDrainStackTargetSize                   = 64                                        {product} {ergonomic}
   size_t InitialHeapSize                          = 134217728                                 {product} {ergonomic}
   size_t MarkStackSize                            = 4194304                                   {product} {ergonomic}
   size_t MaxHeapSize                              = 2147483648                                {product} {command line}
   size_t MaxMetaspaceSize                         = 536870912                                 {product} {command line}
   size_t MaxNewSize                               = 1287651328                                {product} {ergonomic}
   size_t MinHeapDeltaBytes                        = 1048576                                   {product} {ergonomic}
   size_t MinHeapSize                              = 8388608                                   {product} {ergonomic}
    uintx NonNMethodCodeHeapSize                   = 5832780                                {pd product} {ergonomic}
    uintx NonProfiledCodeHeapSize                  = 122912730                              {pd product} {ergonomic}
    uintx ProfiledCodeHeapSize                     = 122912730                              {pd product} {ergonomic}
    uintx ReservedCodeCacheSize                    = 251658240                              {pd product} {ergonomic}
     bool SegmentedCodeCache                       = true                                      {product} {ergonomic}
   size_t SoftMaxHeapSize                          = 2147483648                             {manageable} {ergonomic}
     bool UseCompressedClassPointers               = true                           {product lp64_product} {ergonomic}
     bool UseCompressedOops                        = true                           {product lp64_product} {ergonomic}
     bool UseG1GC                                  = true                                      {product} {ergonomic}
     bool UseLargePagesIndividualAllocation        = false                                  {pd product} {ergonomic}

Logging:
Log output configuration:
 #0: stdout all=warning uptime,level,tags
 #1: stderr all=off uptime,level,tags

Environment Variables:
JAVA_HOME=C:\Program Files\OpenLogic\jdk-17.0.10.7-hotspot
CLASSPATH=D:\Raghavendra_Chaubey\TAxi_App\Taxi_UserApp\android\\gradle\wrapper\gradle-wrapper.jar
PATH=D:\Raghavendra_Chaubey\TAxi_App\Taxi_UserApp\node_modules\.bin;D:\Raghavendra_Chaubey\TAxi_App\node_modules\.bin;D:\Raghavendra_Chaubey\node_modules\.bin;D:\node_modules\.bin;C:\Users\DELL\AppData\Roaming\npm\node_modules\npm\node_modules\@npmcli\run-script\lib\node-gyp-bin;C:\Program Files\OpenLogic\jdk-17.0.10.7-hotspot\bin;C:\Program Files\Common Files\Oracle\Java\javapath;C:\Windows\system32;C:\Windows;C:\Windows\System32\Wbem;C:\Windows\System32\WindowsPowerShell\v1.0\;C:\Windows\System32\OpenSSH\;C:\Program Files\nodejs\;C:\Program Files\Java\jdk-11.0.17\bin;C:\Program Files\Common Files\Oracle\Java\javapath;C:\Program Files\Git\cmd;C:\Users\DELL\AppData\Local\Android\Sdk\platform-tools;C:\Users\DELL\AppData\Local\Android\Sdk\tools;C:\Users\DELL\AppData\Local\Android\Sdk\platform-tools;C:\Users\DELL\AppData\Local\Android\Sdk\tools;C:\Users\DELL\.console-ninja\.bin;C:\Users\DELL\AppData\Local\Microsoft\WindowsApps;;C:\Users\DELL\AppData\Local\Programs\Microsoft VS Code\bin;C:\Users\DELL\AppData\Roaming\npm
USERNAME=DELL
LANG=en_US.UTF-8
OS=Windows_NT
PROCESSOR_IDENTIFIER=Intel64 Family 6 Model 94 Stepping 3, GenuineIntel
TMP=C:\Users\DELL\AppData\Local\Temp
TEMP=C:\Users\DELL\AppData\Local\Temp



Periodic native trim disabled


---------------  S Y S T E M  ---------------

OS:
 Windows 10 , 64 bit Build 19041 (10.0.19041.4597)
OS uptime: 2 days 1:19 hours

CPU: total 4 (initial active 4) (4 cores per cpu, 1 threads per core) family 6 model 94 stepping 3 microcode 0xf0, cx8, cmov, fxsr, mmx, 3dnowpref, sse, sse2, sse3, ssse3, sse4.1, sse4.2, popcnt, lzcnt, tsc, tscinvbit, avx, avx2, aes, erms, clmul, bmi1, bmi2, rtm, adx, fma, vzeroupper, clflush, clflushopt
Processor Information for processor 0
  Max Mhz: 2601, Current Mhz: 2600, Mhz Limit: 2574
Processor Information for processor 1
  Max Mhz: 2601, Current Mhz: 1500, Mhz Limit: 2574
Processor Information for processor 2
  Max Mhz: 2601, Current Mhz: 2600, Mhz Limit: 2574
Processor Information for processor 3
  Max Mhz: 2601, Current Mhz: 2600, Mhz Limit: 2574

Memory: 4k page, system-wide physical 8073M (2653M free)
TotalPageFile size 17289M (AvailPageFile size 7884M)
current process WorkingSet (physical memory assigned to process): 198M, peak: 202M
current process commit charge ("private bytes"): 272M, peak: 276M

vm_info: OpenJDK 64-Bit Server VM (17.0.10+7-adhoc..jdk17u) for windows-amd64 JRE (17.0.10+7-adhoc..jdk17u), built on Jan 24 2024 08:51:31 by "" with MS VC++ 16.10 / 16.11 (VS2019)

END.
